{"/Users/juhovatanen/OAMK/web/backend/auth.js": {"path":"/Users/juhovatanen/OAMK/web/backend/auth.js","statementMap":{"0":{"start":{"line":1,"column":12},"end":{"line":1,"column":35}},"1":{"start":{"line":3,"column":20},"end":{"line":16,"column":1}},"2":{"start":{"line":4,"column":16},"end":{"line":4,"column":80}},"3":{"start":{"line":6,"column":2},"end":{"line":8,"column":3}},"4":{"start":{"line":7,"column":4},"end":{"line":7,"column":74}},"5":{"start":{"line":9,"column":2},"end":{"line":14,"column":3}},"6":{"start":{"line":10,"column":20},"end":{"line":10,"column":58}},"7":{"start":{"line":11,"column":4},"end":{"line":11,"column":23}},"8":{"start":{"line":13,"column":4},"end":{"line":13,"column":49}},"9":{"start":{"line":15,"column":2},"end":{"line":15,"column":16}},"10":{"start":{"line":18,"column":0},"end":{"line":18,"column":29}}},"fnMap":{"0":{"name":"(anonymous_0)","decl":{"start":{"line":3,"column":20},"end":{"line":3,"column":21}},"loc":{"start":{"line":3,"column":40},"end":{"line":16,"column":1}},"line":3}},"branchMap":{"0":{"loc":{"start":{"line":4,"column":16},"end":{"line":4,"column":80}},"type":"binary-expr","locations":[{"start":{"line":4,"column":16},"end":{"line":4,"column":30}},{"start":{"line":4,"column":34},"end":{"line":4,"column":49}},{"start":{"line":4,"column":53},"end":{"line":4,"column":80}}],"line":4},"1":{"loc":{"start":{"line":6,"column":2},"end":{"line":8,"column":3}},"type":"if","locations":[{"start":{"line":6,"column":2},"end":{"line":8,"column":3}},{"start":{},"end":{}}],"line":6}},"s":{"0":1,"1":1,"2":18,"3":18,"4":1,"5":17,"6":17,"7":16,"8":1,"9":16,"10":1},"f":{"0":18},"b":{"0":[18,1,1],"1":[1,17]},"_coverageSchema":"1a1c01bbd47fc00a2c39e90264f33305004495a9","hash":"23e761a6d029c947704f19254221e088f17bad71"}
,"/Users/juhovatanen/OAMK/web/backend/db/index.js": {"path":"/Users/juhovatanen/OAMK/web/backend/db/index.js","statementMap":{"0":{"start":{"line":1,"column":17},"end":{"line":1,"column":30}},"1":{"start":{"line":2,"column":13},"end":{"line":7,"column":9}},"2":{"start":{"line":8,"column":0},"end":{"line":10,"column":1}},"3":{"start":{"line":9,"column":27},"end":{"line":9,"column":51}}},"fnMap":{"0":{"name":"(anonymous_0)","decl":{"start":{"line":9,"column":9},"end":{"line":9,"column":10}},"loc":{"start":{"line":9,"column":27},"end":{"line":9,"column":51}},"line":9}},"branchMap":{},"s":{"0":1,"1":1,"2":1,"3":70},"f":{"0":70},"b":{},"_coverageSchema":"1a1c01bbd47fc00a2c39e90264f33305004495a9","hash":"95b39ae4ad5651891194a9de7ea0a640848cae8d"}
,"/Users/juhovatanen/OAMK/web/backend/routes/cart.js": {"path":"/Users/juhovatanen/OAMK/web/backend/routes/cart.js","statementMap":{"0":{"start":{"line":1,"column":15},"end":{"line":1,"column":48}},"1":{"start":{"line":2,"column":15},"end":{"line":2,"column":27}},"2":{"start":{"line":3,"column":11},"end":{"line":3,"column":27}},"3":{"start":{"line":4,"column":13},"end":{"line":4,"column":31}},"4":{"start":{"line":6,"column":0},"end":{"line":6,"column":23}}},"fnMap":{},"branchMap":{},"s":{"0":1,"1":1,"2":1,"3":1,"4":1},"f":{},"b":{},"_coverageSchema":"1a1c01bbd47fc00a2c39e90264f33305004495a9","hash":"9b18a99ec0de9797cedd81a01ad824a5add51101"}
,"/Users/juhovatanen/OAMK/web/backend/routes/index.js": {"path":"/Users/juhovatanen/OAMK/web/backend/routes/index.js","statementMap":{"0":{"start":{"line":1,"column":20},"end":{"line":1,"column":44}},"1":{"start":{"line":2,"column":17},"end":{"line":2,"column":38}},"2":{"start":{"line":3,"column":14},"end":{"line":3,"column":32}},"3":{"start":{"line":4,"column":14},"end":{"line":4,"column":32}},"4":{"start":{"line":5,"column":14},"end":{"line":5,"column":32}},"5":{"start":{"line":6,"column":13},"end":{"line":6,"column":30}},"6":{"start":{"line":7,"column":13},"end":{"line":7,"column":30}},"7":{"start":{"line":8,"column":13},"end":{"line":8,"column":28}},"8":{"start":{"line":9,"column":14},"end":{"line":9,"column":36}},"9":{"start":{"line":13,"column":0},"end":{"line":23,"column":1}},"10":{"start":{"line":14,"column":2},"end":{"line":14,"column":18}},"11":{"start":{"line":15,"column":2},"end":{"line":15,"column":18}},"12":{"start":{"line":16,"column":2},"end":{"line":16,"column":38}},"13":{"start":{"line":17,"column":2},"end":{"line":17,"column":33}},"14":{"start":{"line":18,"column":2},"end":{"line":18,"column":26}},"15":{"start":{"line":19,"column":2},"end":{"line":19,"column":21}},"16":{"start":{"line":20,"column":2},"end":{"line":20,"column":27}},"17":{"start":{"line":21,"column":2},"end":{"line":21,"column":24}},"18":{"start":{"line":22,"column":2},"end":{"line":22,"column":24}}},"fnMap":{"0":{"name":"(anonymous_0)","decl":{"start":{"line":13,"column":17},"end":{"line":13,"column":18}},"loc":{"start":{"line":13,"column":24},"end":{"line":23,"column":1}},"line":13}},"branchMap":{},"s":{"0":1,"1":1,"2":1,"3":1,"4":1,"5":1,"6":1,"7":1,"8":1,"9":1,"10":1,"11":1,"12":1,"13":1,"14":1,"15":1,"16":1,"17":1,"18":1},"f":{"0":1},"b":{},"_coverageSchema":"1a1c01bbd47fc00a2c39e90264f33305004495a9","hash":"c1a3976fd3aa96c4ef26aa2f5cf5a8c2ba761060"}
,"/Users/juhovatanen/OAMK/web/backend/routes/login.js": {"path":"/Users/juhovatanen/OAMK/web/backend/routes/login.js","statementMap":{"0":{"start":{"line":1,"column":15},"end":{"line":1,"column":48}},"1":{"start":{"line":2,"column":15},"end":{"line":2,"column":27}},"2":{"start":{"line":3,"column":11},"end":{"line":3,"column":27}},"3":{"start":{"line":4,"column":12},"end":{"line":4,"column":35}},"4":{"start":{"line":5,"column":15},"end":{"line":5,"column":32}},"5":{"start":{"line":6,"column":13},"end":{"line":6,"column":31}},"6":{"start":{"line":8,"column":0},"end":{"line":8,"column":23}},"7":{"start":{"line":11,"column":0},"end":{"line":40,"column":5}},"8":{"start":{"line":12,"column":32},"end":{"line":12,"column":40}},"9":{"start":{"line":13,"column":6},"end":{"line":13,"column":34}},"10":{"start":{"line":15,"column":6},"end":{"line":17,"column":7}},"11":{"start":{"line":16,"column":8},"end":{"line":16,"column":54}},"12":{"start":{"line":19,"column":22},"end":{"line":19,"column":91}},"13":{"start":{"line":20,"column":17},"end":{"line":20,"column":34}},"14":{"start":{"line":21,"column":24},"end":{"line":21,"column":38}},"15":{"start":{"line":23,"column":6},"end":{"line":39,"column":7}},"16":{"start":{"line":24,"column":22},"end":{"line":30,"column":9}},"17":{"start":{"line":31,"column":8},"end":{"line":31,"column":27}},"18":{"start":{"line":34,"column":8},"end":{"line":34,"column":85}},"19":{"start":{"line":36,"column":8},"end":{"line":36,"column":35}},"20":{"start":{"line":38,"column":10},"end":{"line":38,"column":54}},"21":{"start":{"line":43,"column":2},"end":{"line":46,"column":4}},"22":{"start":{"line":44,"column":20},"end":{"line":44,"column":98}},"23":{"start":{"line":45,"column":4},"end":{"line":45,"column":32}}},"fnMap":{"0":{"name":"(anonymous_0)","decl":{"start":{"line":11,"column":16},"end":{"line":11,"column":17}},"loc":{"start":{"line":11,"column":36},"end":{"line":40,"column":3}},"line":11},"1":{"name":"(anonymous_1)","decl":{"start":{"line":43,"column":22},"end":{"line":43,"column":23}},"loc":{"start":{"line":43,"column":38},"end":{"line":46,"column":3}},"line":43}},"branchMap":{"0":{"loc":{"start":{"line":15,"column":6},"end":{"line":17,"column":7}},"type":"if","locations":[{"start":{"line":15,"column":6},"end":{"line":17,"column":7}},{"start":{},"end":{}}],"line":15},"1":{"loc":{"start":{"line":15,"column":12},"end":{"line":15,"column":29}},"type":"binary-expr","locations":[{"start":{"line":15,"column":12},"end":{"line":15,"column":17}},{"start":{"line":15,"column":21},"end":{"line":15,"column":29}}],"line":15},"2":{"loc":{"start":{"line":23,"column":6},"end":{"line":39,"column":7}},"type":"if","locations":[{"start":{"line":23,"column":6},"end":{"line":39,"column":7}},{"start":{"line":37,"column":11},"end":{"line":39,"column":7}}],"line":23},"3":{"loc":{"start":{"line":23,"column":10},"end":{"line":23,"column":66}},"type":"binary-expr","locations":[{"start":{"line":23,"column":10},"end":{"line":23,"column":14}},{"start":{"line":23,"column":19},"end":{"line":23,"column":65}}],"line":23}},"s":{"0":1,"1":1,"2":1,"3":1,"4":1,"5":1,"6":1,"7":1,"8":17,"9":17,"10":17,"11":1,"12":17,"13":17,"14":17,"15":17,"16":15,"17":15,"18":15,"19":15,"20":2,"21":1,"22":1,"23":1},"f":{"0":17,"1":1},"b":{"0":[1,16],"1":[17,17],"2":[15,2],"3":[17,17]},"_coverageSchema":"1a1c01bbd47fc00a2c39e90264f33305004495a9","hash":"47ae0dda9a4d80b3343d444b1e0b8cfb40ddb7c1"}
,"/Users/juhovatanen/OAMK/web/backend/routes/menu.js": {"path":"/Users/juhovatanen/OAMK/web/backend/routes/menu.js","statementMap":{"0":{"start":{"line":1,"column":15},"end":{"line":1,"column":48}},"1":{"start":{"line":2,"column":15},"end":{"line":2,"column":27}},"2":{"start":{"line":3,"column":11},"end":{"line":3,"column":27}},"3":{"start":{"line":4,"column":13},"end":{"line":4,"column":31}},"4":{"start":{"line":6,"column":0},"end":{"line":6,"column":23}},"5":{"start":{"line":8,"column":0},"end":{"line":14,"column":4}},"6":{"start":{"line":9,"column":19},"end":{"line":9,"column":29}},"7":{"start":{"line":10,"column":21},"end":{"line":10,"column":97}},"8":{"start":{"line":11,"column":4},"end":{"line":12,"column":69}},"9":{"start":{"line":12,"column":6},"end":{"line":12,"column":69}},"10":{"start":{"line":13,"column":4},"end":{"line":13,"column":31}},"11":{"start":{"line":16,"column":2},"end":{"line":39,"column":4}},"12":{"start":{"line":17,"column":4},"end":{"line":17,"column":80}},"13":{"start":{"line":17,"column":26},"end":{"line":17,"column":80}},"14":{"start":{"line":19,"column":19},"end":{"line":19,"column":29}},"15":{"start":{"line":21,"column":66},"end":{"line":21,"column":74}},"16":{"start":{"line":23,"column":4},"end":{"line":25,"column":5}},"17":{"start":{"line":24,"column":8},"end":{"line":24,"column":61}},"18":{"start":{"line":28,"column":21},"end":{"line":28,"column":90}},"19":{"start":{"line":29,"column":4},"end":{"line":30,"column":71}},"20":{"start":{"line":30,"column":8},"end":{"line":30,"column":71}},"21":{"start":{"line":31,"column":4},"end":{"line":32,"column":92}},"22":{"start":{"line":32,"column":8},"end":{"line":32,"column":92}},"23":{"start":{"line":35,"column":22},"end":{"line":35,"column":218}},"24":{"start":{"line":37,"column":4},"end":{"line":37,"column":104}}},"fnMap":{"0":{"name":"(anonymous_0)","decl":{"start":{"line":8,"column":19},"end":{"line":8,"column":20}},"loc":{"start":{"line":8,"column":39},"end":{"line":14,"column":3}},"line":8},"1":{"name":"(anonymous_1)","decl":{"start":{"line":16,"column":27},"end":{"line":16,"column":28}},"loc":{"start":{"line":16,"column":47},"end":{"line":39,"column":3}},"line":16}},"branchMap":{"0":{"loc":{"start":{"line":11,"column":4},"end":{"line":12,"column":69}},"type":"if","locations":[{"start":{"line":11,"column":4},"end":{"line":12,"column":69}},{"start":{},"end":{}}],"line":11},"1":{"loc":{"start":{"line":17,"column":4},"end":{"line":17,"column":80}},"type":"if","locations":[{"start":{"line":17,"column":4},"end":{"line":17,"column":80}},{"start":{},"end":{}}],"line":17},"2":{"loc":{"start":{"line":23,"column":4},"end":{"line":25,"column":5}},"type":"if","locations":[{"start":{"line":23,"column":4},"end":{"line":25,"column":5}},{"start":{},"end":{}}],"line":23},"3":{"loc":{"start":{"line":23,"column":10},"end":{"line":23,"column":76}},"type":"binary-expr","locations":[{"start":{"line":23,"column":10},"end":{"line":23,"column":18}},{"start":{"line":23,"column":22},"end":{"line":23,"column":33}},{"start":{"line":23,"column":37},"end":{"line":23,"column":41}},{"start":{"line":23,"column":45},"end":{"line":23,"column":49}},{"start":{"line":23,"column":53},"end":{"line":23,"column":61}},{"start":{"line":23,"column":64},"end":{"line":23,"column":76}}],"line":23},"4":{"loc":{"start":{"line":29,"column":4},"end":{"line":30,"column":71}},"type":"if","locations":[{"start":{"line":29,"column":4},"end":{"line":30,"column":71}},{"start":{},"end":{}}],"line":29},"5":{"loc":{"start":{"line":31,"column":4},"end":{"line":32,"column":92}},"type":"if","locations":[{"start":{"line":31,"column":4},"end":{"line":32,"column":92}},{"start":{},"end":{}}],"line":31},"6":{"loc":{"start":{"line":37,"column":11},"end":{"line":37,"column":103}},"type":"cond-expr","locations":[{"start":{"line":37,"column":27},"end":{"line":37,"column":58}},{"start":{"line":37,"column":59},"end":{"line":37,"column":103}}],"line":37}},"s":{"0":1,"1":1,"2":1,"3":1,"4":1,"5":1,"6":1,"7":1,"8":1,"9":0,"10":1,"11":1,"12":1,"13":0,"14":1,"15":1,"16":1,"17":0,"18":0,"19":0,"20":0,"21":0,"22":0,"23":0,"24":0},"f":{"0":1,"1":1},"b":{"0":[0,1],"1":[0,1],"2":[0,0],"3":[1,1,1,1,0,0],"4":[0,0],"5":[0,0],"6":[0,0]},"_coverageSchema":"1a1c01bbd47fc00a2c39e90264f33305004495a9","hash":"550ad308198ca9a66e6c49368ad4bfd822706a72"}
,"/Users/juhovatanen/OAMK/web/backend/routes/order.js": {"path":"/Users/juhovatanen/OAMK/web/backend/routes/order.js","statementMap":{"0":{"start":{"line":1,"column":15},"end":{"line":1,"column":48}},"1":{"start":{"line":2,"column":15},"end":{"line":2,"column":27}},"2":{"start":{"line":3,"column":11},"end":{"line":3,"column":27}},"3":{"start":{"line":4,"column":13},"end":{"line":4,"column":31}},"4":{"start":{"line":6,"column":0},"end":{"line":6,"column":23}}},"fnMap":{},"branchMap":{},"s":{"0":1,"1":1,"2":1,"3":1,"4":1},"f":{},"b":{},"_coverageSchema":"1a1c01bbd47fc00a2c39e90264f33305004495a9","hash":"26e6a89333db8d89f2a55fcce62b79d0aa807e10"}
,"/Users/juhovatanen/OAMK/web/backend/routes/register.js": {"path":"/Users/juhovatanen/OAMK/web/backend/routes/register.js","statementMap":{"0":{"start":{"line":1,"column":15},"end":{"line":1,"column":48}},"1":{"start":{"line":2,"column":15},"end":{"line":2,"column":27}},"2":{"start":{"line":3,"column":11},"end":{"line":3,"column":27}},"3":{"start":{"line":4,"column":15},"end":{"line":4,"column":32}},"4":{"start":{"line":5,"column":12},"end":{"line":5,"column":35}},"5":{"start":{"line":6,"column":13},"end":{"line":6,"column":31}},"6":{"start":{"line":8,"column":0},"end":{"line":8,"column":23}},"7":{"start":{"line":10,"column":0},"end":{"line":13,"column":2}},"8":{"start":{"line":11,"column":21},"end":{"line":11,"column":65}},"9":{"start":{"line":12,"column":4},"end":{"line":12,"column":31}},"10":{"start":{"line":16,"column":0},"end":{"line":19,"column":2}},"11":{"start":{"line":17,"column":22},"end":{"line":17,"column":32}},"12":{"start":{"line":18,"column":4},"end":{"line":18,"column":38}},"13":{"start":{"line":21,"column":0},"end":{"line":78,"column":2}},"14":{"start":{"line":23,"column":15},"end":{"line":23,"column":23}},"15":{"start":{"line":25,"column":58},"end":{"line":25,"column":66}},"16":{"start":{"line":26,"column":8},"end":{"line":26,"column":36}},"17":{"start":{"line":27,"column":8},"end":{"line":27,"column":28}},"18":{"start":{"line":29,"column":8},"end":{"line":31,"column":9}},"19":{"start":{"line":30,"column":12},"end":{"line":30,"column":65}},"20":{"start":{"line":37,"column":24},"end":{"line":37,"column":47}},"21":{"start":{"line":39,"column":8},"end":{"line":41,"column":9}},"22":{"start":{"line":40,"column":12},"end":{"line":40,"column":76}},"23":{"start":{"line":44,"column":8},"end":{"line":46,"column":9}},"24":{"start":{"line":45,"column":12},"end":{"line":45,"column":60}},"25":{"start":{"line":49,"column":27},"end":{"line":49,"column":29}},"26":{"start":{"line":51,"column":8},"end":{"line":54,"column":11}},"27":{"start":{"line":53,"column":12},"end":{"line":53,"column":27}},"28":{"start":{"line":56,"column":20},"end":{"line":57,"column":87}},"29":{"start":{"line":58,"column":17},"end":{"line":58,"column":87}},"30":{"start":{"line":59,"column":26},"end":{"line":59,"column":40}},"31":{"start":{"line":62,"column":22},"end":{"line":68,"column":9}},"32":{"start":{"line":70,"column":8},"end":{"line":70,"column":85}},"33":{"start":{"line":73,"column":19},"end":{"line":73,"column":57}},"34":{"start":{"line":74,"column":8},"end":{"line":74,"column":28}},"35":{"start":{"line":77,"column":8},"end":{"line":77,"column":36}},"36":{"start":{"line":80,"column":0},"end":{"line":83,"column":3}},"37":{"start":{"line":81,"column":4},"end":{"line":81,"column":75}},"38":{"start":{"line":82,"column":4},"end":{"line":82,"column":27}},"39":{"start":{"line":86,"column":21},"end":{"line":86,"column":92}},"40":{"start":{"line":87,"column":4},"end":{"line":87,"column":30}}},"fnMap":{"0":{"name":"(anonymous_0)","decl":{"start":{"line":10,"column":16},"end":{"line":10,"column":17}},"loc":{"start":{"line":10,"column":35},"end":{"line":13,"column":1}},"line":10},"1":{"name":"(anonymous_1)","decl":{"start":{"line":16,"column":22},"end":{"line":16,"column":23}},"loc":{"start":{"line":16,"column":42},"end":{"line":19,"column":1}},"line":16},"2":{"name":"(anonymous_2)","decl":{"start":{"line":21,"column":16},"end":{"line":21,"column":17}},"loc":{"start":{"line":21,"column":32},"end":{"line":78,"column":1}},"line":21},"3":{"name":"(anonymous_3)","decl":{"start":{"line":51,"column":53},"end":{"line":51,"column":54}},"loc":{"start":{"line":51,"column":68},"end":{"line":54,"column":9}},"line":51},"4":{"name":"(anonymous_4)","decl":{"start":{"line":80,"column":23},"end":{"line":80,"column":24}},"loc":{"start":{"line":80,"column":39},"end":{"line":83,"column":1}},"line":80},"5":{"name":"UserExists","decl":{"start":{"line":85,"column":15},"end":{"line":85,"column":25}},"loc":{"start":{"line":85,"column":32},"end":{"line":88,"column":1}},"line":85}},"branchMap":{"0":{"loc":{"start":{"line":29,"column":8},"end":{"line":31,"column":9}},"type":"if","locations":[{"start":{"line":29,"column":8},"end":{"line":31,"column":9}},{"start":{},"end":{}}],"line":29},"1":{"loc":{"start":{"line":29,"column":14},"end":{"line":29,"column":56}},"type":"binary-expr","locations":[{"start":{"line":29,"column":14},"end":{"line":29,"column":19}},{"start":{"line":29,"column":23},"end":{"line":29,"column":31}},{"start":{"line":29,"column":35},"end":{"line":29,"column":44}},{"start":{"line":29,"column":48},"end":{"line":29,"column":56}}],"line":29},"2":{"loc":{"start":{"line":39,"column":8},"end":{"line":41,"column":9}},"type":"if","locations":[{"start":{"line":39,"column":8},"end":{"line":41,"column":9}},{"start":{},"end":{}}],"line":39},"3":{"loc":{"start":{"line":44,"column":8},"end":{"line":46,"column":9}},"type":"if","locations":[{"start":{"line":44,"column":8},"end":{"line":46,"column":9}},{"start":{},"end":{}}],"line":44},"4":{"loc":{"start":{"line":44,"column":11},"end":{"line":44,"column":49}},"type":"binary-expr","locations":[{"start":{"line":44,"column":12},"end":{"line":44,"column":35}},{"start":{"line":44,"column":39},"end":{"line":44,"column":49}}],"line":44}},"s":{"0":1,"1":1,"2":1,"3":1,"4":1,"5":1,"6":1,"7":1,"8":1,"9":1,"10":1,"11":2,"12":2,"13":1,"14":5,"15":5,"16":5,"17":5,"18":5,"19":1,"20":4,"21":4,"22":1,"23":3,"24":1,"25":2,"26":2,"27":2,"28":2,"29":2,"30":2,"31":2,"32":2,"33":2,"34":2,"35":2,"36":1,"37":1,"38":1,"39":6,"40":6},"f":{"0":1,"1":2,"2":5,"3":2,"4":1,"5":6},"b":{"0":[1,4],"1":[5,5,5,4],"2":[1,3],"3":[1,2],"4":[3,3]},"_coverageSchema":"1a1c01bbd47fc00a2c39e90264f33305004495a9","hash":"5f811ba9381bf99c7d2ef062acb687ae32275f46"}
,"/Users/juhovatanen/OAMK/web/backend/routes/restaurants.js": {"path":"/Users/juhovatanen/OAMK/web/backend/routes/restaurants.js","statementMap":{"0":{"start":{"line":1,"column":15},"end":{"line":1,"column":48}},"1":{"start":{"line":2,"column":15},"end":{"line":2,"column":27}},"2":{"start":{"line":3,"column":11},"end":{"line":3,"column":27}},"3":{"start":{"line":4,"column":13},"end":{"line":4,"column":31}},"4":{"start":{"line":6,"column":0},"end":{"line":6,"column":23}},"5":{"start":{"line":9,"column":0},"end":{"line":18,"column":2}},"6":{"start":{"line":10,"column":22},"end":{"line":10,"column":30}},"7":{"start":{"line":11,"column":2},"end":{"line":17,"column":3}},"8":{"start":{"line":12,"column":21},"end":{"line":12,"column":71}},"9":{"start":{"line":13,"column":4},"end":{"line":13,"column":31}},"10":{"start":{"line":15,"column":21},"end":{"line":15,"column":102}},"11":{"start":{"line":16,"column":4},"end":{"line":16,"column":31}},"12":{"start":{"line":21,"column":0},"end":{"line":27,"column":2}},"13":{"start":{"line":22,"column":17},"end":{"line":22,"column":27}},"14":{"start":{"line":23,"column":19},"end":{"line":23,"column":88}},"15":{"start":{"line":24,"column":2},"end":{"line":25,"column":67}},"16":{"start":{"line":25,"column":4},"end":{"line":25,"column":67}},"17":{"start":{"line":26,"column":2},"end":{"line":26,"column":32}},"18":{"start":{"line":30,"column":0},"end":{"line":52,"column":2}},"19":{"start":{"line":31,"column":2},"end":{"line":31,"column":78}},"20":{"start":{"line":31,"column":24},"end":{"line":31,"column":78}},"21":{"start":{"line":33,"column":75},"end":{"line":33,"column":83}},"22":{"start":{"line":35,"column":2},"end":{"line":37,"column":3}},"23":{"start":{"line":36,"column":6},"end":{"line":36,"column":59}},"24":{"start":{"line":40,"column":21},"end":{"line":40,"column":104}},"25":{"start":{"line":42,"column":2},"end":{"line":43,"column":73}},"26":{"start":{"line":43,"column":4},"end":{"line":43,"column":73}},"27":{"start":{"line":46,"column":20},"end":{"line":46,"column":244}},"28":{"start":{"line":47,"column":23},"end":{"line":47,"column":137}},"29":{"start":{"line":51,"column":2},"end":{"line":51,"column":112}},"30":{"start":{"line":55,"column":0},"end":{"line":83,"column":2}},"31":{"start":{"line":56,"column":17},"end":{"line":56,"column":27}},"32":{"start":{"line":57,"column":2},"end":{"line":58,"column":58}},"33":{"start":{"line":58,"column":4},"end":{"line":58,"column":58}},"34":{"start":{"line":61,"column":19},"end":{"line":61,"column":88}},"35":{"start":{"line":62,"column":2},"end":{"line":63,"column":67}},"36":{"start":{"line":63,"column":4},"end":{"line":63,"column":67}},"37":{"start":{"line":64,"column":2},"end":{"line":65,"column":88}},"38":{"start":{"line":65,"column":4},"end":{"line":65,"column":88}},"39":{"start":{"line":67,"column":75},"end":{"line":67,"column":83}},"40":{"start":{"line":68,"column":2},"end":{"line":70,"column":3}},"41":{"start":{"line":69,"column":4},"end":{"line":69,"column":50}},"42":{"start":{"line":72,"column":21},"end":{"line":72,"column":104}},"43":{"start":{"line":74,"column":2},"end":{"line":75,"column":73}},"44":{"start":{"line":75,"column":4},"end":{"line":75,"column":73}},"45":{"start":{"line":78,"column":20},"end":{"line":79,"column":77}},"46":{"start":{"line":81,"column":2},"end":{"line":81,"column":102}},"47":{"start":{"line":87,"column":0},"end":{"line":103,"column":2}},"48":{"start":{"line":88,"column":2},"end":{"line":89,"column":58}},"49":{"start":{"line":89,"column":4},"end":{"line":89,"column":58}},"50":{"start":{"line":91,"column":17},"end":{"line":91,"column":27}},"51":{"start":{"line":92,"column":19},"end":{"line":92,"column":88}},"52":{"start":{"line":94,"column":2},"end":{"line":95,"column":67}},"53":{"start":{"line":95,"column":4},"end":{"line":95,"column":67}},"54":{"start":{"line":97,"column":2},"end":{"line":98,"column":90}},"55":{"start":{"line":98,"column":4},"end":{"line":98,"column":90}},"56":{"start":{"line":101,"column":17},"end":{"line":101,"column":115}},"57":{"start":{"line":102,"column":2},"end":{"line":102,"column":31}}},"fnMap":{"0":{"name":"(anonymous_0)","decl":{"start":{"line":9,"column":16},"end":{"line":9,"column":17}},"loc":{"start":{"line":9,"column":36},"end":{"line":18,"column":1}},"line":9},"1":{"name":"(anonymous_1)","decl":{"start":{"line":21,"column":19},"end":{"line":21,"column":20}},"loc":{"start":{"line":21,"column":39},"end":{"line":27,"column":1}},"line":21},"2":{"name":"(anonymous_2)","decl":{"start":{"line":30,"column":21},"end":{"line":30,"column":22}},"loc":{"start":{"line":30,"column":37},"end":{"line":52,"column":1}},"line":30},"3":{"name":"(anonymous_3)","decl":{"start":{"line":55,"column":23},"end":{"line":55,"column":24}},"loc":{"start":{"line":55,"column":39},"end":{"line":83,"column":1}},"line":55},"4":{"name":"(anonymous_4)","decl":{"start":{"line":87,"column":27},"end":{"line":87,"column":28}},"loc":{"start":{"line":87,"column":47},"end":{"line":103,"column":1}},"line":87}},"branchMap":{"0":{"loc":{"start":{"line":11,"column":2},"end":{"line":17,"column":3}},"type":"if","locations":[{"start":{"line":11,"column":2},"end":{"line":17,"column":3}},{"start":{"line":14,"column":7},"end":{"line":17,"column":3}}],"line":11},"1":{"loc":{"start":{"line":24,"column":2},"end":{"line":25,"column":67}},"type":"if","locations":[{"start":{"line":24,"column":2},"end":{"line":25,"column":67}},{"start":{},"end":{}}],"line":24},"2":{"loc":{"start":{"line":31,"column":2},"end":{"line":31,"column":78}},"type":"if","locations":[{"start":{"line":31,"column":2},"end":{"line":31,"column":78}},{"start":{},"end":{}}],"line":31},"3":{"loc":{"start":{"line":35,"column":2},"end":{"line":37,"column":3}},"type":"if","locations":[{"start":{"line":35,"column":2},"end":{"line":37,"column":3}},{"start":{},"end":{}}],"line":35},"4":{"loc":{"start":{"line":35,"column":8},"end":{"line":35,"column":79}},"type":"binary-expr","locations":[{"start":{"line":35,"column":8},"end":{"line":35,"column":22}},{"start":{"line":35,"column":26},"end":{"line":35,"column":32}},{"start":{"line":35,"column":36},"end":{"line":35,"column":45}},{"start":{"line":35,"column":49},"end":{"line":35,"column":53}},{"start":{"line":35,"column":57},"end":{"line":35,"column":65}},{"start":{"line":35,"column":68},"end":{"line":35,"column":79}}],"line":35},"5":{"loc":{"start":{"line":42,"column":2},"end":{"line":43,"column":73}},"type":"if","locations":[{"start":{"line":42,"column":2},"end":{"line":43,"column":73}},{"start":{},"end":{}}],"line":42},"6":{"loc":{"start":{"line":51,"column":9},"end":{"line":51,"column":111}},"type":"cond-expr","locations":[{"start":{"line":51,"column":25},"end":{"line":51,"column":66}},{"start":{"line":51,"column":67},"end":{"line":51,"column":111}}],"line":51},"7":{"loc":{"start":{"line":57,"column":2},"end":{"line":58,"column":58}},"type":"if","locations":[{"start":{"line":57,"column":2},"end":{"line":58,"column":58}},{"start":{},"end":{}}],"line":57},"8":{"loc":{"start":{"line":62,"column":2},"end":{"line":63,"column":67}},"type":"if","locations":[{"start":{"line":62,"column":2},"end":{"line":63,"column":67}},{"start":{},"end":{}}],"line":62},"9":{"loc":{"start":{"line":64,"column":2},"end":{"line":65,"column":88}},"type":"if","locations":[{"start":{"line":64,"column":2},"end":{"line":65,"column":88}},{"start":{},"end":{}}],"line":64},"10":{"loc":{"start":{"line":68,"column":2},"end":{"line":70,"column":3}},"type":"if","locations":[{"start":{"line":68,"column":2},"end":{"line":70,"column":3}},{"start":{},"end":{}}],"line":68},"11":{"loc":{"start":{"line":68,"column":8},"end":{"line":68,"column":79}},"type":"binary-expr","locations":[{"start":{"line":68,"column":8},"end":{"line":68,"column":22}},{"start":{"line":68,"column":26},"end":{"line":68,"column":32}},{"start":{"line":68,"column":36},"end":{"line":68,"column":45}},{"start":{"line":68,"column":49},"end":{"line":68,"column":53}},{"start":{"line":68,"column":57},"end":{"line":68,"column":65}},{"start":{"line":68,"column":68},"end":{"line":68,"column":79}}],"line":68},"12":{"loc":{"start":{"line":74,"column":2},"end":{"line":75,"column":73}},"type":"if","locations":[{"start":{"line":74,"column":2},"end":{"line":75,"column":73}},{"start":{},"end":{}}],"line":74},"13":{"loc":{"start":{"line":81,"column":9},"end":{"line":81,"column":101}},"type":"cond-expr","locations":[{"start":{"line":81,"column":25},"end":{"line":81,"column":56}},{"start":{"line":81,"column":57},"end":{"line":81,"column":101}}],"line":81},"14":{"loc":{"start":{"line":88,"column":2},"end":{"line":89,"column":58}},"type":"if","locations":[{"start":{"line":88,"column":2},"end":{"line":89,"column":58}},{"start":{},"end":{}}],"line":88},"15":{"loc":{"start":{"line":94,"column":2},"end":{"line":95,"column":67}},"type":"if","locations":[{"start":{"line":94,"column":2},"end":{"line":95,"column":67}},{"start":{},"end":{}}],"line":94},"16":{"loc":{"start":{"line":97,"column":2},"end":{"line":98,"column":90}},"type":"if","locations":[{"start":{"line":97,"column":2},"end":{"line":98,"column":90}},{"start":{},"end":{}}],"line":97}},"s":{"0":1,"1":1,"2":1,"3":1,"4":1,"5":1,"6":2,"7":2,"8":1,"9":1,"10":1,"11":1,"12":1,"13":2,"14":2,"15":2,"16":1,"17":1,"18":1,"19":4,"20":1,"21":3,"22":3,"23":1,"24":2,"25":2,"26":1,"27":1,"28":1,"29":1,"30":1,"31":5,"32":5,"33":1,"34":4,"35":4,"36":0,"37":4,"38":1,"39":3,"40":3,"41":1,"42":3,"43":3,"44":1,"45":2,"46":2,"47":1,"48":4,"49":1,"50":3,"51":3,"52":3,"53":1,"54":2,"55":1,"56":1,"57":1},"f":{"0":2,"1":2,"2":4,"3":5,"4":4},"b":{"0":[1,1],"1":[1,1],"2":[1,3],"3":[1,2],"4":[3,2,2,2,2,2],"5":[1,1],"6":[1,0],"7":[1,4],"8":[0,4],"9":[1,3],"10":[1,2],"11":[3,2,2,2,2,2],"12":[1,2],"13":[2,0],"14":[1,3],"15":[1,2],"16":[1,1]},"_coverageSchema":"1a1c01bbd47fc00a2c39e90264f33305004495a9","hash":"630ad717ba762455fafd55ea04e93dbb001390aa"}
}
