TN:
SF:auth.js
FN:3,(anonymous_0)
FNF:1
FNH:1
FNDA:9,(anonymous_0)
DA:1,1
DA:3,1
DA:4,9
DA:6,9
DA:7,1
DA:9,8
DA:10,8
DA:11,7
DA:13,1
DA:15,7
DA:18,1
LF:11
LH:11
BRDA:4,0,0,9
BRDA:4,0,1,1
BRDA:4,0,2,1
BRDA:6,1,0,1
BRDA:6,1,1,8
BRF:5
BRH:5
end_of_record
TN:
SF:index.js
FN:9,(anonymous_0)
FN:14,(anonymous_1)
FNF:2
FNH:1
FNDA:1,(anonymous_0)
FNDA:0,(anonymous_1)
DA:1,1
DA:2,1
DA:3,1
DA:4,1
DA:6,1
DA:7,1
DA:9,1
DA:10,1
DA:14,1
DA:17,0
DA:20,0
DA:23,0
DA:27,0
DA:30,0
DA:32,1
LF:15
LH:10
BRDA:6,0,0,1
BRDA:6,0,1,1
BRF:2
BRH:2
end_of_record
TN:
SF:db/index.js
FN:9,(anonymous_0)
FNF:1
FNH:1
FNDA:40,(anonymous_0)
DA:1,1
DA:2,1
DA:8,1
DA:9,40
LF:4
LH:4
BRF:0
BRH:0
end_of_record
TN:
SF:routes/index.js
FN:10,(anonymous_0)
FNF:1
FNH:1
FNDA:1,(anonymous_0)
DA:1,1
DA:2,1
DA:3,1
DA:4,1
DA:5,1
DA:6,1
DA:10,1
DA:11,1
DA:12,1
DA:13,1
DA:14,1
DA:15,1
DA:16,1
LF:13
LH:13
BRF:0
BRH:0
end_of_record
TN:
SF:routes/login.js
FN:11,(anonymous_0)
FN:43,(anonymous_1)
FNF:2
FNH:2
FNDA:10,(anonymous_0)
FNDA:1,(anonymous_1)
DA:1,1
DA:2,1
DA:3,1
DA:4,1
DA:5,1
DA:6,1
DA:8,1
DA:11,1
DA:12,10
DA:13,10
DA:15,10
DA:16,1
DA:19,10
DA:20,10
DA:21,10
DA:23,10
DA:24,8
DA:31,8
DA:34,8
DA:36,8
DA:38,2
DA:43,1
DA:44,1
DA:45,1
LF:24
LH:24
BRDA:15,0,0,1
BRDA:15,0,1,9
BRDA:15,1,0,10
BRDA:15,1,1,10
BRDA:23,2,0,8
BRDA:23,2,1,2
BRDA:23,3,0,10
BRDA:23,3,1,10
BRF:8
BRH:8
end_of_record
TN:
SF:routes/register.js
FN:10,(anonymous_0)
FN:16,(anonymous_1)
FN:21,(anonymous_2)
FN:43,(anonymous_3)
FN:72,(anonymous_4)
FN:77,UserExists
FNF:6
FNH:6
FNDA:1,(anonymous_0)
FNDA:2,(anonymous_1)
FNDA:4,(anonymous_2)
FNDA:2,(anonymous_3)
FNDA:1,(anonymous_4)
FNDA:5,UserExists
DA:1,1
DA:2,1
DA:3,1
DA:4,1
DA:5,1
DA:6,1
DA:8,1
DA:10,1
DA:11,1
DA:12,1
DA:16,1
DA:17,2
DA:18,2
DA:21,1
DA:23,4
DA:25,4
DA:26,4
DA:29,4
DA:30,1
DA:35,3
DA:37,3
DA:38,1
DA:41,2
DA:43,2
DA:45,2
DA:48,2
DA:50,2
DA:51,2
DA:54,2
DA:62,2
DA:65,2
DA:66,2
DA:69,2
DA:72,1
DA:73,1
DA:74,1
DA:78,5
DA:79,5
LF:38
LH:38
BRDA:29,0,0,1
BRDA:29,0,1,3
BRDA:29,1,0,4
BRDA:29,1,1,4
BRDA:29,1,2,4
BRDA:29,1,3,3
BRDA:37,2,0,1
BRDA:37,2,1,2
BRF:8
BRH:8
end_of_record
TN:
SF:routes/restaurants.js
FN:9,(anonymous_0)
FN:21,(anonymous_1)
FN:30,(anonymous_2)
FN:56,(anonymous_3)
FN:86,(anonymous_4)
FNF:5
FNH:5
FNDA:2,(anonymous_0)
FNDA:2,(anonymous_1)
FNDA:3,(anonymous_2)
FNDA:1,(anonymous_3)
FNDA:1,(anonymous_4)
DA:1,1
DA:2,1
DA:3,1
DA:4,1
DA:6,1
DA:9,1
DA:10,2
DA:11,2
DA:12,1
DA:13,1
DA:15,1
DA:16,1
DA:21,1
DA:22,2
DA:23,2
DA:24,2
DA:25,1
DA:26,1
DA:30,1
DA:31,3
DA:32,1
DA:34,2
DA:36,2
DA:37,1
DA:41,1
DA:42,1
DA:43,1
DA:44,1
DA:47,0
DA:48,0
DA:52,0
DA:56,1
DA:57,1
DA:58,1
DA:59,0
DA:62,1
DA:63,1
DA:64,0
DA:66,0
DA:67,0
DA:68,0
DA:71,0
DA:72,0
DA:73,0
DA:74,0
DA:77,0
DA:80,0
DA:86,1
DA:87,1
DA:88,0
DA:90,1
DA:91,1
DA:93,1
DA:94,1
DA:96,0
DA:97,0
DA:99,0
DA:100,0
DA:101,0
LF:59
LH:39
BRDA:11,0,0,1
BRDA:11,0,1,1
BRDA:24,1,0,1
BRDA:24,1,1,1
BRDA:31,2,0,1
BRDA:31,2,1,2
BRDA:36,3,0,1
BRDA:36,3,1,1
BRDA:36,4,0,2
BRDA:36,4,1,1
BRDA:36,4,2,1
BRDA:36,4,3,1
BRDA:36,4,4,1
BRDA:36,4,5,1
BRDA:43,5,0,1
BRDA:43,5,1,0
BRDA:52,6,0,0
BRDA:52,6,1,0
BRDA:58,7,0,0
BRDA:58,7,1,1
BRDA:63,8,0,0
BRDA:63,8,1,0
BRDA:67,9,0,0
BRDA:67,9,1,0
BRDA:67,10,0,0
BRDA:67,10,1,0
BRDA:67,10,2,0
BRDA:67,10,3,0
BRDA:67,10,4,0
BRDA:67,10,5,0
BRDA:73,11,0,0
BRDA:73,11,1,0
BRDA:80,12,0,0
BRDA:80,12,1,0
BRDA:87,13,0,0
BRDA:87,13,1,1
BRDA:93,14,0,1
BRDA:93,14,1,0
BRDA:96,15,0,0
BRDA:96,15,1,0
BRF:40
BRH:18
end_of_record
