TN:
SF:auth.js
FN:3,(anonymous_0)
FNF:1
FNH:1
FNDA:16,(anonymous_0)
DA:1,1
DA:3,1
DA:4,16
DA:6,16
DA:7,1
DA:9,15
DA:10,15
DA:11,14
DA:13,1
DA:15,14
DA:18,1
LF:11
LH:11
BRDA:4,0,0,16
BRDA:4,0,1,1
BRDA:4,0,2,1
BRDA:6,1,0,1
BRDA:6,1,1,15
BRF:5
BRH:5
end_of_record
TN:
SF:db/index.js
FN:9,(anonymous_0)
FNF:1
FNH:1
FNDA:65,(anonymous_0)
DA:1,1
DA:2,1
DA:8,1
DA:9,65
LF:4
LH:4
BRF:0
BRH:0
end_of_record
TN:
SF:routes/index.js
FN:10,(anonymous_0)
FNF:1
FNH:1
FNDA:1,(anonymous_0)
DA:1,1
DA:2,1
DA:3,1
DA:4,1
DA:5,1
DA:6,1
DA:10,1
DA:11,1
DA:12,1
DA:13,1
DA:14,1
DA:15,1
DA:16,1
LF:13
LH:13
BRF:0
BRH:0
end_of_record
TN:
SF:routes/login.js
FN:11,(anonymous_0)
FN:43,(anonymous_1)
FNF:2
FNH:2
FNDA:16,(anonymous_0)
FNDA:1,(anonymous_1)
DA:1,1
DA:2,1
DA:3,1
DA:4,1
DA:5,1
DA:6,1
DA:8,1
DA:11,1
DA:12,16
DA:13,16
DA:15,16
DA:16,1
DA:19,16
DA:20,16
DA:21,16
DA:23,16
DA:24,14
DA:31,14
DA:34,14
DA:36,14
DA:38,2
DA:43,1
DA:44,1
DA:45,1
LF:24
LH:24
BRDA:15,0,0,1
BRDA:15,0,1,15
BRDA:15,1,0,16
BRDA:15,1,1,16
BRDA:23,2,0,14
BRDA:23,2,1,2
BRDA:23,3,0,16
BRDA:23,3,1,16
BRF:8
BRH:8
end_of_record
TN:
SF:routes/register.js
FN:10,(anonymous_0)
FN:16,(anonymous_1)
FN:21,(anonymous_2)
FN:51,(anonymous_3)
FN:80,(anonymous_4)
FN:85,UserExists
FNF:6
FNH:6
FNDA:1,(anonymous_0)
FNDA:2,(anonymous_1)
FNDA:5,(anonymous_2)
FNDA:2,(anonymous_3)
FNDA:1,(anonymous_4)
FNDA:6,UserExists
DA:1,1
DA:2,1
DA:3,1
DA:4,1
DA:5,1
DA:6,1
DA:8,1
DA:10,1
DA:11,1
DA:12,1
DA:16,1
DA:17,2
DA:18,2
DA:21,1
DA:23,5
DA:25,5
DA:26,5
DA:27,5
DA:29,5
DA:30,1
DA:37,4
DA:39,4
DA:40,1
DA:44,3
DA:45,1
DA:49,2
DA:51,2
DA:53,2
DA:56,2
DA:58,2
DA:59,2
DA:62,2
DA:70,2
DA:73,2
DA:74,2
DA:77,2
DA:80,1
DA:81,1
DA:82,1
DA:86,6
DA:87,6
LF:41
LH:41
BRDA:29,0,0,1
BRDA:29,0,1,4
BRDA:29,1,0,5
BRDA:29,1,1,5
BRDA:29,1,2,5
BRDA:29,1,3,4
BRDA:39,2,0,1
BRDA:39,2,1,3
BRDA:44,3,0,1
BRDA:44,3,1,2
BRDA:44,4,0,3
BRDA:44,4,1,3
BRF:12
BRH:12
end_of_record
TN:
SF:routes/restaurants.js
FN:9,(anonymous_0)
FN:21,(anonymous_1)
FN:30,(anonymous_2)
FN:56,(anonymous_3)
FN:86,(anonymous_4)
FNF:5
FNH:5
FNDA:2,(anonymous_0)
FNDA:2,(anonymous_1)
FNDA:4,(anonymous_2)
FNDA:4,(anonymous_3)
FNDA:4,(anonymous_4)
DA:1,1
DA:2,1
DA:3,1
DA:4,1
DA:6,1
DA:9,1
DA:10,2
DA:11,2
DA:12,1
DA:13,1
DA:15,1
DA:16,1
DA:21,1
DA:22,2
DA:23,2
DA:24,2
DA:25,1
DA:26,1
DA:30,1
DA:31,4
DA:32,1
DA:34,3
DA:36,3
DA:37,1
DA:41,2
DA:43,2
DA:44,1
DA:47,1
DA:48,1
DA:52,1
DA:56,1
DA:57,4
DA:58,4
DA:59,1
DA:62,3
DA:63,3
DA:64,1
DA:66,2
DA:67,2
DA:68,1
DA:71,2
DA:72,2
DA:73,2
DA:74,0
DA:77,2
DA:80,2
DA:86,1
DA:87,4
DA:88,1
DA:90,3
DA:91,3
DA:93,3
DA:94,1
DA:96,2
DA:97,1
DA:100,1
DA:101,1
LF:57
LH:56
BRDA:11,0,0,1
BRDA:11,0,1,1
BRDA:24,1,0,1
BRDA:24,1,1,1
BRDA:31,2,0,1
BRDA:31,2,1,3
BRDA:36,3,0,1
BRDA:36,3,1,2
BRDA:36,4,0,3
BRDA:36,4,1,2
BRDA:36,4,2,2
BRDA:36,4,3,2
BRDA:36,4,4,2
BRDA:36,4,5,2
BRDA:43,5,0,1
BRDA:43,5,1,1
BRDA:52,6,0,1
BRDA:52,6,1,0
BRDA:58,7,0,1
BRDA:58,7,1,3
BRDA:63,8,0,1
BRDA:63,8,1,2
BRDA:67,9,0,1
BRDA:67,9,1,1
BRDA:67,10,0,2
BRDA:67,10,1,1
BRDA:67,10,2,1
BRDA:67,10,3,1
BRDA:67,10,4,1
BRDA:67,10,5,1
BRDA:73,11,0,0
BRDA:73,11,1,2
BRDA:80,12,0,2
BRDA:80,12,1,0
BRDA:87,13,0,1
BRDA:87,13,1,3
BRDA:93,14,0,1
BRDA:93,14,1,2
BRDA:96,15,0,1
BRDA:96,15,1,1
BRF:40
BRH:37
end_of_record
